2025-07-03 23:04:38,670 INFO Button clicked. Starting generation flow.
2025-07-03 23:04:38,673 INFO --- Generation flow started ---
2025-07-03 23:04:38,673 INFO Querying vector store with: Max Fosh-style video, type: prank, mates: alone
2025-07-03 23:04:38,673 DEBUG load_ssl_context verify=True cert=None trust_env=True http2=False
2025-07-03 23:04:38,674 DEBUG load_verify_locations cafile='/opt/anaconda3/lib/python3.12/site-packages/certifi/cacert.pem'
2025-07-03 23:04:39,009 ERROR Vector store query failed: 'Beta' object has no attribute 'vector_stores'
2025-07-03 23:04:39,009 ERROR Not enough fallback files in maxfosh_summaries.
2025-07-03 23:04:39,009 ERROR No examples available from vector store or fallback.
2025-07-03 23:04:39,009 INFO Displayed 'Try again' to user.
2025-07-03 23:05:05,429 DEBUG NativeEvent(path="/Users/talvin/Documents/GitHub/MaxFoshIdeaGeneratorLocal/.git/index.lock", inode=57535858, flags=18300, id=887834353): is_coalesced, is_created, is_file, is_removed, is_xattr_mod
2025-07-03 23:05:05,430 DEBUG queue_event FileCreatedEvent(src_path='/Users/talvin/Documents/GitHub/MaxFoshIdeaGeneratorLocal/.git/index.lock', dest_path='', event_type='created', is_directory=False, is_synthetic=False)
2025-07-03 23:05:05,431 DEBUG queue_event DirModifiedEvent(src_path='/Users/talvin/Documents/GitHub/MaxFoshIdeaGeneratorLocal/.git', dest_path='', event_type='modified', is_directory=True, is_synthetic=False)
2025-07-03 23:05:05,431 DEBUG queue_event FileModifiedEvent(src_path='/Users/talvin/Documents/GitHub/MaxFoshIdeaGeneratorLocal/.git/index.lock', dest_path='', event_type='modified', is_directory=False, is_synthetic=False)
2025-07-03 23:05:05,431 DEBUG queue_event FileDeletedEvent(src_path='/Users/talvin/Documents/GitHub/MaxFoshIdeaGeneratorLocal/.git/index.lock', dest_path='', event_type='deleted', is_directory=False, is_synthetic=False)
2025-07-03 23:05:05,431 DEBUG queue_event DirModifiedEvent(src_path='/Users/talvin/Documents/GitHub/MaxFoshIdeaGeneratorLocal/.git', dest_path='', event_type='modified', is_directory=True, is_synthetic=False)
2025-07-03 23:05:12,509 DEBUG NativeEvent(path="/Users/talvin/Documents/GitHub/MaxFoshIdeaGeneratorLocal/.git/cursor_metadata.pb", inode=57527815, flags=11400, id=887837089): is_file, is_inode_meta_mod, is_modified
2025-07-03 23:05:12,510 DEBUG queue_event FileModifiedEvent(src_path='/Users/talvin/Documents/GitHub/MaxFoshIdeaGeneratorLocal/.git/cursor_metadata.pb', dest_path='', event_type='modified', is_directory=False, is_synthetic=False)
2025-07-03 23:05:19,075 DEBUG NativeEvent(path="/Users/talvin/Documents/GitHub/MaxFoshIdeaGeneratorLocal/scratchpad.md", inode=57528071, flags=10400, id=887839547): is_file, is_inode_meta_mod
2025-07-03 23:05:19,082 DEBUG queue_event FileModifiedEvent(src_path='/Users/talvin/Documents/GitHub/MaxFoshIdeaGeneratorLocal/scratchpad.md', dest_path='', event_type='modified', is_directory=False, is_synthetic=False)
2025-07-03 23:05:19,087 DEBUG NativeEvent(path="/Users/talvin/Documents/GitHub/MaxFoshIdeaGeneratorLocal/scratchpad.md", inode=57528071, flags=11400, id=887839556): is_file, is_inode_meta_mod, is_modified
2025-07-03 23:05:19,088 DEBUG queue_event FileModifiedEvent(src_path='/Users/talvin/Documents/GitHub/MaxFoshIdeaGeneratorLocal/scratchpad.md', dest_path='', event_type='modified', is_directory=False, is_synthetic=False)
2025-07-03 23:05:23,902 DEBUG NativeEvent(path="/Users/talvin/Documents/GitHub/MaxFoshIdeaGeneratorLocal/.git/index.lock", inode=57536335, flags=18100, id=887841093): is_created, is_file, is_xattr_mod
2025-07-03 23:05:23,903 DEBUG queue_event FileCreatedEvent(src_path='/Users/talvin/Documents/GitHub/MaxFoshIdeaGeneratorLocal/.git/index.lock', dest_path='', event_type='created', is_directory=False, is_synthetic=False)
2025-07-03 23:05:23,903 DEBUG queue_event DirModifiedEvent(src_path='/Users/talvin/Documents/GitHub/MaxFoshIdeaGeneratorLocal/.git', dest_path='', event_type='modified', is_directory=True, is_synthetic=False)
2025-07-03 23:05:23,903 DEBUG queue_event FileModifiedEvent(src_path='/Users/talvin/Documents/GitHub/MaxFoshIdeaGeneratorLocal/.git/index.lock', dest_path='', event_type='modified', is_directory=False, is_synthetic=False)
2025-07-03 23:05:23,913 DEBUG NativeEvent(path="/Users/talvin/Documents/GitHub/MaxFoshIdeaGeneratorLocal/.git/index.lock", inode=57536335, flags=18300, id=887841110): is_coalesced, is_created, is_file, is_removed, is_xattr_mod
2025-07-03 23:05:23,913 DEBUG queue_event FileModifiedEvent(src_path='/Users/talvin/Documents/GitHub/MaxFoshIdeaGeneratorLocal/.git/index.lock', dest_path='', event_type='modified', is_directory=False, is_synthetic=False)
2025-07-03 23:05:23,913 DEBUG queue_event FileDeletedEvent(src_path='/Users/talvin/Documents/GitHub/MaxFoshIdeaGeneratorLocal/.git/index.lock', dest_path='', event_type='deleted', is_directory=False, is_synthetic=False)
2025-07-03 23:05:23,913 DEBUG queue_event DirModifiedEvent(src_path='/Users/talvin/Documents/GitHub/MaxFoshIdeaGeneratorLocal/.git', dest_path='', event_type='modified', is_directory=True, is_synthetic=False)
2025-07-03 23:05:50,708 DEBUG NativeEvent(path="/Users/talvin/Documents/GitHub/MaxFoshIdeaGeneratorLocal/.git/index.lock", inode=57539648, flags=18300, id=887880827): is_coalesced, is_created, is_file, is_removed, is_xattr_mod
2025-07-03 23:05:50,709 DEBUG queue_event FileCreatedEvent(src_path='/Users/talvin/Documents/GitHub/MaxFoshIdeaGeneratorLocal/.git/index.lock', dest_path='', event_type='created', is_directory=False, is_synthetic=False)
2025-07-03 23:05:50,709 DEBUG queue_event DirModifiedEvent(src_path='/Users/talvin/Documents/GitHub/MaxFoshIdeaGeneratorLocal/.git', dest_path='', event_type='modified', is_directory=True, is_synthetic=False)
2025-07-03 23:05:50,709 DEBUG queue_event FileModifiedEvent(src_path='/Users/talvin/Documents/GitHub/MaxFoshIdeaGeneratorLocal/.git/index.lock', dest_path='', event_type='modified', is_directory=False, is_synthetic=False)
2025-07-03 23:05:50,709 DEBUG queue_event FileDeletedEvent(src_path='/Users/talvin/Documents/GitHub/MaxFoshIdeaGeneratorLocal/.git/index.lock', dest_path='', event_type='deleted', is_directory=False, is_synthetic=False)
2025-07-03 23:05:50,709 DEBUG queue_event DirModifiedEvent(src_path='/Users/talvin/Documents/GitHub/MaxFoshIdeaGeneratorLocal/.git', dest_path='', event_type='modified', is_directory=True, is_synthetic=False)
2025-07-03 23:06:08,097 DEBUG NativeEvent(path="/Users/talvin/Documents/GitHub/MaxFoshIdeaGeneratorLocal/.git/index.lock", inode=57539713, flags=18300, id=887881991): is_coalesced, is_created, is_file, is_removed, is_xattr_mod
2025-07-03 23:06:08,097 DEBUG queue_event FileCreatedEvent(src_path='/Users/talvin/Documents/GitHub/MaxFoshIdeaGeneratorLocal/.git/index.lock', dest_path='', event_type='created', is_directory=False, is_synthetic=False)
2025-07-03 23:06:08,097 DEBUG queue_event DirModifiedEvent(src_path='/Users/talvin/Documents/GitHub/MaxFoshIdeaGeneratorLocal/.git', dest_path='', event_type='modified', is_directory=True, is_synthetic=False)
2025-07-03 23:06:08,097 DEBUG queue_event FileModifiedEvent(src_path='/Users/talvin/Documents/GitHub/MaxFoshIdeaGeneratorLocal/.git/index.lock', dest_path='', event_type='modified', is_directory=False, is_synthetic=False)
2025-07-03 23:06:08,097 DEBUG queue_event FileDeletedEvent(src_path='/Users/talvin/Documents/GitHub/MaxFoshIdeaGeneratorLocal/.git/index.lock', dest_path='', event_type='deleted', is_directory=False, is_synthetic=False)
2025-07-03 23:06:08,097 DEBUG queue_event DirModifiedEvent(src_path='/Users/talvin/Documents/GitHub/MaxFoshIdeaGeneratorLocal/.git', dest_path='', event_type='modified', is_directory=True, is_synthetic=False)
2025-07-03 23:06:44,417 DEBUG NativeEvent(path="/Users/talvin/Documents/GitHub/MaxFoshIdeaGeneratorLocal/scratchpad.md", inode=57528071, flags=10400, id=887884619): is_file, is_inode_meta_mod
2025-07-03 23:06:44,418 DEBUG NativeEvent(path="/Users/talvin/Documents/GitHub/MaxFoshIdeaGeneratorLocal/.streamlit/secrets.toml", inode=57532906, flags=11400, id=887884670): is_file, is_inode_meta_mod, is_modified
2025-07-03 23:06:44,418 DEBUG queue_event FileModifiedEvent(src_path='/Users/talvin/Documents/GitHub/MaxFoshIdeaGeneratorLocal/scratchpad.md', dest_path='', event_type='modified', is_directory=False, is_synthetic=False)
2025-07-03 23:06:44,418 DEBUG queue_event FileModifiedEvent(src_path='/Users/talvin/Documents/GitHub/MaxFoshIdeaGeneratorLocal/.streamlit/secrets.toml', dest_path='', event_type='modified', is_directory=False, is_synthetic=False)
2025-07-03 23:06:44,458 DEBUG NativeEvent(path="/Users/talvin/Documents/GitHub/MaxFoshIdeaGeneratorLocal/scratchpad.md", inode=57528071, flags=11400, id=887884697): is_file, is_inode_meta_mod, is_modified
2025-07-03 23:06:44,458 DEBUG NativeEvent(path="/Users/talvin/Documents/GitHub/MaxFoshIdeaGeneratorLocal/.streamlit/secrets.toml", inode=57532906, flags=11c00, id=887884700): is_file, is_inode_meta_mod, is_modified, is_renamed
2025-07-03 23:06:44,458 DEBUG queue_event FileModifiedEvent(src_path='/Users/talvin/Documents/GitHub/MaxFoshIdeaGeneratorLocal/scratchpad.md', dest_path='', event_type='modified', is_directory=False, is_synthetic=False)
2025-07-03 23:06:44,458 DEBUG queue_event FileModifiedEvent(src_path='/Users/talvin/Documents/GitHub/MaxFoshIdeaGeneratorLocal/.streamlit/secrets.toml', dest_path='', event_type='modified', is_directory=False, is_synthetic=False)
2025-07-03 23:06:44,459 DEBUG queue_event FileDeletedEvent(src_path='/Users/talvin/Documents/GitHub/MaxFoshIdeaGeneratorLocal/.streamlit/secrets.toml', dest_path='', event_type='deleted', is_directory=False, is_synthetic=False)
2025-07-03 23:06:44,459 DEBUG queue_event DirModifiedEvent(src_path='/Users/talvin/Documents/GitHub/MaxFoshIdeaGeneratorLocal/.streamlit', dest_path='', event_type='modified', is_directory=True, is_synthetic=False)
2025-07-03 23:06:45,587 DEBUG NativeEvent(path="/Users/talvin/Documents/GitHub/MaxFoshIdeaGeneratorLocal/.git/index.lock", inode=57539895, flags=19900, id=887884737): is_coalesced, is_created, is_file, is_modified, is_renamed, is_xattr_mod
2025-07-03 23:06:45,587 DEBUG NativeEvent(path="/Users/talvin/Documents/GitHub/MaxFoshIdeaGeneratorLocal/.git/index", inode=57539895, flags=10800, id=887884738): is_file, is_renamed
2025-07-03 23:06:45,588 DEBUG NativeEvent(path="/Users/talvin/Documents/GitHub/MaxFoshIdeaGeneratorLocal/.git/index", inode=57528534, flags=10800, id=887884739): is_file, is_renamed
2025-07-03 23:06:45,588 DEBUG queue_event FileCreatedEvent(src_path='/Users/talvin/Documents/GitHub/MaxFoshIdeaGeneratorLocal/.git/index.lock', dest_path='', event_type='created', is_directory=False, is_synthetic=False)
2025-07-03 23:06:45,588 DEBUG queue_event DirModifiedEvent(src_path='/Users/talvin/Documents/GitHub/MaxFoshIdeaGeneratorLocal/.git', dest_path='', event_type='modified', is_directory=True, is_synthetic=False)
2025-07-03 23:06:45,588 DEBUG queue_event FileModifiedEvent(src_path='/Users/talvin/Documents/GitHub/MaxFoshIdeaGeneratorLocal/.git/index.lock', dest_path='', event_type='modified', is_directory=False, is_synthetic=False)
2025-07-03 23:06:45,588 DEBUG Destination event for rename is NativeEvent(path="/Users/talvin/Documents/GitHub/MaxFoshIdeaGeneratorLocal/.git/index", inode=57539895, flags=10800, id=887884738)
2025-07-03 23:06:45,588 DEBUG queue_event FileMovedEvent(src_path='/Users/talvin/Documents/GitHub/MaxFoshIdeaGeneratorLocal/.git/index.lock', dest_path='/Users/talvin/Documents/GitHub/MaxFoshIdeaGeneratorLocal/.git/index', event_type='moved', is_directory=False, is_synthetic=False)
2025-07-03 23:06:45,588 DEBUG queue_event DirModifiedEvent(src_path='/Users/talvin/Documents/GitHub/MaxFoshIdeaGeneratorLocal/.git', dest_path='', event_type='modified', is_directory=True, is_synthetic=False)
2025-07-03 23:06:45,588 DEBUG queue_event DirModifiedEvent(src_path='/Users/talvin/Documents/GitHub/MaxFoshIdeaGeneratorLocal/.git', dest_path='', event_type='modified', is_directory=True, is_synthetic=False)
2025-07-03 23:06:45,588 DEBUG queue_event FileDeletedEvent(src_path='/Users/talvin/Documents/GitHub/MaxFoshIdeaGeneratorLocal/.git/index', dest_path='', event_type='deleted', is_directory=False, is_synthetic=False)
2025-07-03 23:06:45,588 DEBUG queue_event DirModifiedEvent(src_path='/Users/talvin/Documents/GitHub/MaxFoshIdeaGeneratorLocal/.git', dest_path='', event_type='modified', is_directory=True, is_synthetic=False)
2025-07-03 23:07:34,928 DEBUG NativeEvent(path="/Users/talvin/Documents/GitHub/MaxFoshIdeaGeneratorLocal/.git/index.lock", inode=57541429, flags=18300, id=887907065): is_coalesced, is_created, is_file, is_removed, is_xattr_mod
2025-07-03 23:07:34,929 DEBUG queue_event FileCreatedEvent(src_path='/Users/talvin/Documents/GitHub/MaxFoshIdeaGeneratorLocal/.git/index.lock', dest_path='', event_type='created', is_directory=False, is_synthetic=False)
2025-07-03 23:07:34,929 DEBUG queue_event DirModifiedEvent(src_path='/Users/talvin/Documents/GitHub/MaxFoshIdeaGeneratorLocal/.git', dest_path='', event_type='modified', is_directory=True, is_synthetic=False)
2025-07-03 23:07:34,929 DEBUG queue_event FileModifiedEvent(src_path='/Users/talvin/Documents/GitHub/MaxFoshIdeaGeneratorLocal/.git/index.lock', dest_path='', event_type='modified', is_directory=False, is_synthetic=False)
2025-07-03 23:07:34,929 DEBUG queue_event FileDeletedEvent(src_path='/Users/talvin/Documents/GitHub/MaxFoshIdeaGeneratorLocal/.git/index.lock', dest_path='', event_type='deleted', is_directory=False, is_synthetic=False)
2025-07-03 23:07:34,929 DEBUG queue_event DirModifiedEvent(src_path='/Users/talvin/Documents/GitHub/MaxFoshIdeaGeneratorLocal/.git', dest_path='', event_type='modified', is_directory=True, is_synthetic=False)
2025-07-03 23:07:59,634 DEBUG NativeEvent(path="/Users/talvin/Documents/GitHub/MaxFoshIdeaGeneratorLocal/maxfosh_summaries", inode=57533050, flags=20800, id=887914119): is_directory, is_renamed
2025-07-03 23:07:59,634 DEBUG queue_event DirDeletedEvent(src_path='/Users/talvin/Documents/GitHub/MaxFoshIdeaGeneratorLocal/maxfosh_summaries', dest_path='', event_type='deleted', is_directory=True, is_synthetic=False)
2025-07-03 23:07:59,635 DEBUG queue_event DirModifiedEvent(src_path='/Users/talvin/Documents/GitHub/MaxFoshIdeaGeneratorLocal', dest_path='', event_type='modified', is_directory=True, is_synthetic=False)
2025-07-03 23:08:49,210 DEBUG NativeEvent(path="/Users/talvin/Documents/GitHub/MaxFoshIdeaGeneratorLocal/.git/index.lock", inode=57542529, flags=18300, id=887921878): is_coalesced, is_created, is_file, is_removed, is_xattr_mod
2025-07-03 23:08:49,210 DEBUG queue_event FileCreatedEvent(src_path='/Users/talvin/Documents/GitHub/MaxFoshIdeaGeneratorLocal/.git/index.lock', dest_path='', event_type='created', is_directory=False, is_synthetic=False)
2025-07-03 23:08:49,210 DEBUG queue_event DirModifiedEvent(src_path='/Users/talvin/Documents/GitHub/MaxFoshIdeaGeneratorLocal/.git', dest_path='', event_type='modified', is_directory=True, is_synthetic=False)
2025-07-03 23:08:49,210 DEBUG queue_event FileModifiedEvent(src_path='/Users/talvin/Documents/GitHub/MaxFoshIdeaGeneratorLocal/.git/index.lock', dest_path='', event_type='modified', is_directory=False, is_synthetic=False)
2025-07-03 23:08:49,210 DEBUG queue_event FileDeletedEvent(src_path='/Users/talvin/Documents/GitHub/MaxFoshIdeaGeneratorLocal/.git/index.lock', dest_path='', event_type='deleted', is_directory=False, is_synthetic=False)
2025-07-03 23:08:49,211 DEBUG queue_event DirModifiedEvent(src_path='/Users/talvin/Documents/GitHub/MaxFoshIdeaGeneratorLocal/.git', dest_path='', event_type='modified', is_directory=True, is_synthetic=False)
2025-07-03 23:08:53,760 DEBUG NativeEvent(path="/Users/talvin/Documents/GitHub/MaxFoshIdeaGeneratorLocal/.git/index.lock", inode=57542536, flags=18300, id=887921976): is_coalesced, is_created, is_file, is_removed, is_xattr_mod
2025-07-03 23:08:53,760 DEBUG queue_event FileCreatedEvent(src_path='/Users/talvin/Documents/GitHub/MaxFoshIdeaGeneratorLocal/.git/index.lock', dest_path='', event_type='created', is_directory=False, is_synthetic=False)
2025-07-03 23:08:53,760 DEBUG queue_event DirModifiedEvent(src_path='/Users/talvin/Documents/GitHub/MaxFoshIdeaGeneratorLocal/.git', dest_path='', event_type='modified', is_directory=True, is_synthetic=False)
2025-07-03 23:08:53,760 DEBUG queue_event FileModifiedEvent(src_path='/Users/talvin/Documents/GitHub/MaxFoshIdeaGeneratorLocal/.git/index.lock', dest_path='', event_type='modified', is_directory=False, is_synthetic=False)
2025-07-03 23:08:53,761 DEBUG queue_event FileDeletedEvent(src_path='/Users/talvin/Documents/GitHub/MaxFoshIdeaGeneratorLocal/.git/index.lock', dest_path='', event_type='deleted', is_directory=False, is_synthetic=False)
2025-07-03 23:08:53,761 DEBUG queue_event DirModifiedEvent(src_path='/Users/talvin/Documents/GitHub/MaxFoshIdeaGeneratorLocal/.git', dest_path='', event_type='modified', is_directory=True, is_synthetic=False)
2025-07-03 23:09:04,893 DEBUG NativeEvent(path="/Users/talvin/Documents/GitHub/MaxFoshIdeaGeneratorLocal/.git/index.lock", inode=57542546, flags=18300, id=887922136): is_coalesced, is_created, is_file, is_removed, is_xattr_mod
2025-07-03 23:09:04,893 DEBUG queue_event FileCreatedEvent(src_path='/Users/talvin/Documents/GitHub/MaxFoshIdeaGeneratorLocal/.git/index.lock', dest_path='', event_type='created', is_directory=False, is_synthetic=False)
2025-07-03 23:09:04,893 DEBUG queue_event DirModifiedEvent(src_path='/Users/talvin/Documents/GitHub/MaxFoshIdeaGeneratorLocal/.git', dest_path='', event_type='modified', is_directory=True, is_synthetic=False)
2025-07-03 23:09:04,894 DEBUG queue_event FileModifiedEvent(src_path='/Users/talvin/Documents/GitHub/MaxFoshIdeaGeneratorLocal/.git/index.lock', dest_path='', event_type='modified', is_directory=False, is_synthetic=False)
2025-07-03 23:09:04,894 DEBUG queue_event FileDeletedEvent(src_path='/Users/talvin/Documents/GitHub/MaxFoshIdeaGeneratorLocal/.git/index.lock', dest_path='', event_type='deleted', is_directory=False, is_synthetic=False)
2025-07-03 23:09:04,894 DEBUG queue_event DirModifiedEvent(src_path='/Users/talvin/Documents/GitHub/MaxFoshIdeaGeneratorLocal/.git', dest_path='', event_type='modified', is_directory=True, is_synthetic=False)
2025-07-03 23:09:05,842 DEBUG NativeEvent(path="/Users/talvin/Documents/GitHub/MaxFoshIdeaGeneratorLocal/.git/index.lock", inode=57542550, flags=18300, id=887922190): is_coalesced, is_created, is_file, is_removed, is_xattr_mod
2025-07-03 23:09:05,842 DEBUG queue_event FileCreatedEvent(src_path='/Users/talvin/Documents/GitHub/MaxFoshIdeaGeneratorLocal/.git/index.lock', dest_path='', event_type='created', is_directory=False, is_synthetic=False)
2025-07-03 23:09:05,842 DEBUG queue_event DirModifiedEvent(src_path='/Users/talvin/Documents/GitHub/MaxFoshIdeaGeneratorLocal/.git', dest_path='', event_type='modified', is_directory=True, is_synthetic=False)
2025-07-03 23:09:05,842 DEBUG queue_event FileModifiedEvent(src_path='/Users/talvin/Documents/GitHub/MaxFoshIdeaGeneratorLocal/.git/index.lock', dest_path='', event_type='modified', is_directory=False, is_synthetic=False)
2025-07-03 23:09:05,842 DEBUG queue_event FileDeletedEvent(src_path='/Users/talvin/Documents/GitHub/MaxFoshIdeaGeneratorLocal/.git/index.lock', dest_path='', event_type='deleted', is_directory=False, is_synthetic=False)
2025-07-03 23:09:05,842 DEBUG queue_event DirModifiedEvent(src_path='/Users/talvin/Documents/GitHub/MaxFoshIdeaGeneratorLocal/.git', dest_path='', event_type='modified', is_directory=True, is_synthetic=False)
2025-07-03 23:09:11,081 DEBUG NativeEvent(path="/Users/talvin/Documents/GitHub/MaxFoshIdeaGeneratorLocal/.git/index.lock", inode=57542557, flags=18300, id=887922288): is_coalesced, is_created, is_file, is_removed, is_xattr_mod
2025-07-03 23:09:11,081 DEBUG NativeEvent(path="/Users/talvin/Documents/GitHub/MaxFoshIdeaGeneratorLocal/.git/index.lock", inode=57542558, flags=18300, id=887922297): is_coalesced, is_created, is_file, is_removed, is_xattr_mod
2025-07-03 23:09:11,081 DEBUG queue_event FileCreatedEvent(src_path='/Users/talvin/Documents/GitHub/MaxFoshIdeaGeneratorLocal/.git/index.lock', dest_path='', event_type='created', is_directory=False, is_synthetic=False)
2025-07-03 23:09:11,082 DEBUG queue_event DirModifiedEvent(src_path='/Users/talvin/Documents/GitHub/MaxFoshIdeaGeneratorLocal/.git', dest_path='', event_type='modified', is_directory=True, is_synthetic=False)
2025-07-03 23:09:11,082 DEBUG queue_event FileModifiedEvent(src_path='/Users/talvin/Documents/GitHub/MaxFoshIdeaGeneratorLocal/.git/index.lock', dest_path='', event_type='modified', is_directory=False, is_synthetic=False)
2025-07-03 23:09:11,082 DEBUG queue_event FileDeletedEvent(src_path='/Users/talvin/Documents/GitHub/MaxFoshIdeaGeneratorLocal/.git/index.lock', dest_path='', event_type='deleted', is_directory=False, is_synthetic=False)
2025-07-03 23:09:11,082 DEBUG queue_event DirModifiedEvent(src_path='/Users/talvin/Documents/GitHub/MaxFoshIdeaGeneratorLocal/.git', dest_path='', event_type='modified', is_directory=True, is_synthetic=False)
2025-07-03 23:09:11,082 DEBUG queue_event FileCreatedEvent(src_path='/Users/talvin/Documents/GitHub/MaxFoshIdeaGeneratorLocal/.git/index.lock', dest_path='', event_type='created', is_directory=False, is_synthetic=False)
2025-07-03 23:09:11,082 DEBUG queue_event DirModifiedEvent(src_path='/Users/talvin/Documents/GitHub/MaxFoshIdeaGeneratorLocal/.git', dest_path='', event_type='modified', is_directory=True, is_synthetic=False)
2025-07-03 23:09:11,082 DEBUG queue_event FileModifiedEvent(src_path='/Users/talvin/Documents/GitHub/MaxFoshIdeaGeneratorLocal/.git/index.lock', dest_path='', event_type='modified', is_directory=False, is_synthetic=False)
2025-07-03 23:09:11,082 DEBUG queue_event FileDeletedEvent(src_path='/Users/talvin/Documents/GitHub/MaxFoshIdeaGeneratorLocal/.git/index.lock', dest_path='', event_type='deleted', is_directory=False, is_synthetic=False)
2025-07-03 23:09:11,082 DEBUG queue_event DirModifiedEvent(src_path='/Users/talvin/Documents/GitHub/MaxFoshIdeaGeneratorLocal/.git', dest_path='', event_type='modified', is_directory=True, is_synthetic=False)
2025-07-03 23:09:22,814 DEBUG NativeEvent(path="/Users/talvin/Documents/GitHub/MaxFoshIdeaGeneratorLocal/.git/index.lock", inode=57542647, flags=18300, id=887923630): is_coalesced, is_created, is_file, is_removed, is_xattr_mod
2025-07-03 23:09:22,815 DEBUG queue_event FileCreatedEvent(src_path='/Users/talvin/Documents/GitHub/MaxFoshIdeaGeneratorLocal/.git/index.lock', dest_path='', event_type='created', is_directory=False, is_synthetic=False)
2025-07-03 23:09:22,815 DEBUG queue_event DirModifiedEvent(src_path='/Users/talvin/Documents/GitHub/MaxFoshIdeaGeneratorLocal/.git', dest_path='', event_type='modified', is_directory=True, is_synthetic=False)
2025-07-03 23:09:22,815 DEBUG queue_event FileModifiedEvent(src_path='/Users/talvin/Documents/GitHub/MaxFoshIdeaGeneratorLocal/.git/index.lock', dest_path='', event_type='modified', is_directory=False, is_synthetic=False)
2025-07-03 23:09:22,815 DEBUG queue_event FileDeletedEvent(src_path='/Users/talvin/Documents/GitHub/MaxFoshIdeaGeneratorLocal/.git/index.lock', dest_path='', event_type='deleted', is_directory=False, is_synthetic=False)
2025-07-03 23:09:22,815 DEBUG queue_event DirModifiedEvent(src_path='/Users/talvin/Documents/GitHub/MaxFoshIdeaGeneratorLocal/.git', dest_path='', event_type='modified', is_directory=True, is_synthetic=False)
2025-07-03 23:09:36,463 DEBUG NativeEvent(path="/Users/talvin/Documents/GitHub/MaxFoshIdeaGeneratorLocal/.git/index.lock", inode=57542666, flags=18300, id=887923959): is_coalesced, is_created, is_file, is_removed, is_xattr_mod
2025-07-03 23:09:36,463 DEBUG queue_event FileCreatedEvent(src_path='/Users/talvin/Documents/GitHub/MaxFoshIdeaGeneratorLocal/.git/index.lock', dest_path='', event_type='created', is_directory=False, is_synthetic=False)
2025-07-03 23:09:36,463 DEBUG queue_event DirModifiedEvent(src_path='/Users/talvin/Documents/GitHub/MaxFoshIdeaGeneratorLocal/.git', dest_path='', event_type='modified', is_directory=True, is_synthetic=False)
2025-07-03 23:09:36,463 DEBUG queue_event FileModifiedEvent(src_path='/Users/talvin/Documents/GitHub/MaxFoshIdeaGeneratorLocal/.git/index.lock', dest_path='', event_type='modified', is_directory=False, is_synthetic=False)
2025-07-03 23:09:36,463 DEBUG queue_event FileDeletedEvent(src_path='/Users/talvin/Documents/GitHub/MaxFoshIdeaGeneratorLocal/.git/index.lock', dest_path='', event_type='deleted', is_directory=False, is_synthetic=False)
2025-07-03 23:09:36,464 DEBUG queue_event DirModifiedEvent(src_path='/Users/talvin/Documents/GitHub/MaxFoshIdeaGeneratorLocal/.git', dest_path='', event_type='modified', is_directory=True, is_synthetic=False)
2025-07-03 23:09:44,251 DEBUG NativeEvent(path="/Users/talvin/Documents/GitHub/MaxFoshIdeaGeneratorLocal/.git/index.lock", inode=57542746, flags=18300, id=887924954): is_coalesced, is_created, is_file, is_removed, is_xattr_mod
2025-07-03 23:09:44,251 DEBUG queue_event FileCreatedEvent(src_path='/Users/talvin/Documents/GitHub/MaxFoshIdeaGeneratorLocal/.git/index.lock', dest_path='', event_type='created', is_directory=False, is_synthetic=False)
2025-07-03 23:09:44,251 DEBUG queue_event DirModifiedEvent(src_path='/Users/talvin/Documents/GitHub/MaxFoshIdeaGeneratorLocal/.git', dest_path='', event_type='modified', is_directory=True, is_synthetic=False)
2025-07-03 23:09:44,251 DEBUG queue_event FileModifiedEvent(src_path='/Users/talvin/Documents/GitHub/MaxFoshIdeaGeneratorLocal/.git/index.lock', dest_path='', event_type='modified', is_directory=False, is_synthetic=False)
2025-07-03 23:09:44,251 DEBUG queue_event FileDeletedEvent(src_path='/Users/talvin/Documents/GitHub/MaxFoshIdeaGeneratorLocal/.git/index.lock', dest_path='', event_type='deleted', is_directory=False, is_synthetic=False)
2025-07-03 23:09:44,251 DEBUG queue_event DirModifiedEvent(src_path='/Users/talvin/Documents/GitHub/MaxFoshIdeaGeneratorLocal/.git', dest_path='', event_type='modified', is_directory=True, is_synthetic=False)
2025-07-03 23:09:45,241 DEBUG NativeEvent(path="/Users/talvin/Documents/GitHub/MaxFoshIdeaGeneratorLocal/.git/index.lock", inode=57542750, flags=18300, id=887925018): is_coalesced, is_created, is_file, is_removed, is_xattr_mod
2025-07-03 23:09:45,241 DEBUG queue_event FileCreatedEvent(src_path='/Users/talvin/Documents/GitHub/MaxFoshIdeaGeneratorLocal/.git/index.lock', dest_path='', event_type='created', is_directory=False, is_synthetic=False)
2025-07-03 23:09:45,241 DEBUG queue_event DirModifiedEvent(src_path='/Users/talvin/Documents/GitHub/MaxFoshIdeaGeneratorLocal/.git', dest_path='', event_type='modified', is_directory=True, is_synthetic=False)
2025-07-03 23:09:45,241 DEBUG queue_event FileModifiedEvent(src_path='/Users/talvin/Documents/GitHub/MaxFoshIdeaGeneratorLocal/.git/index.lock', dest_path='', event_type='modified', is_directory=False, is_synthetic=False)
2025-07-03 23:09:45,241 DEBUG queue_event FileDeletedEvent(src_path='/Users/talvin/Documents/GitHub/MaxFoshIdeaGeneratorLocal/.git/index.lock', dest_path='', event_type='deleted', is_directory=False, is_synthetic=False)
2025-07-03 23:09:45,241 DEBUG queue_event DirModifiedEvent(src_path='/Users/talvin/Documents/GitHub/MaxFoshIdeaGeneratorLocal/.git', dest_path='', event_type='modified', is_directory=True, is_synthetic=False)
2025-07-03 23:09:55,291 DEBUG NativeEvent(path="/Users/talvin/Documents/GitHub/MaxFoshIdeaGeneratorLocal/.git/index.lock", inode=57542768, flags=18300, id=887925330): is_coalesced, is_created, is_file, is_removed, is_xattr_mod
2025-07-03 23:09:55,293 DEBUG queue_event FileCreatedEvent(src_path='/Users/talvin/Documents/GitHub/MaxFoshIdeaGeneratorLocal/.git/index.lock', dest_path='', event_type='created', is_directory=False, is_synthetic=False)
2025-07-03 23:09:55,293 DEBUG queue_event DirModifiedEvent(src_path='/Users/talvin/Documents/GitHub/MaxFoshIdeaGeneratorLocal/.git', dest_path='', event_type='modified', is_directory=True, is_synthetic=False)
2025-07-03 23:09:55,293 DEBUG queue_event FileModifiedEvent(src_path='/Users/talvin/Documents/GitHub/MaxFoshIdeaGeneratorLocal/.git/index.lock', dest_path='', event_type='modified', is_directory=False, is_synthetic=False)
2025-07-03 23:09:55,293 DEBUG queue_event FileDeletedEvent(src_path='/Users/talvin/Documents/GitHub/MaxFoshIdeaGeneratorLocal/.git/index.lock', dest_path='', event_type='deleted', is_directory=False, is_synthetic=False)
2025-07-03 23:09:55,293 DEBUG queue_event DirModifiedEvent(src_path='/Users/talvin/Documents/GitHub/MaxFoshIdeaGeneratorLocal/.git', dest_path='', event_type='modified', is_directory=True, is_synthetic=False)
2025-07-03 23:10:12,526 DEBUG NativeEvent(path="/Users/talvin/Documents/GitHub/MaxFoshIdeaGeneratorLocal/.git/cursor_metadata.pb", inode=57527815, flags=11400, id=887926714): is_file, is_inode_meta_mod, is_modified
2025-07-03 23:10:12,527 DEBUG queue_event FileModifiedEvent(src_path='/Users/talvin/Documents/GitHub/MaxFoshIdeaGeneratorLocal/.git/cursor_metadata.pb', dest_path='', event_type='modified', is_directory=False, is_synthetic=False)
2025-07-03 23:10:22,272 DEBUG NativeEvent(path="/Users/talvin/Documents/GitHub/MaxFoshIdeaGeneratorLocal/maxfosh_summaries", inode=57394482, flags=20800, id=887929469): is_directory, is_renamed
2025-07-03 23:10:22,273 DEBUG queue_event DirCreatedEvent(src_path='/Users/talvin/Documents/GitHub/MaxFoshIdeaGeneratorLocal/maxfosh_summaries', dest_path='', event_type='created', is_directory=True, is_synthetic=False)
2025-07-03 23:10:22,274 DEBUG queue_event DirModifiedEvent(src_path='/Users/talvin/Documents/GitHub/MaxFoshIdeaGeneratorLocal', dest_path='', event_type='modified', is_directory=True, is_synthetic=False)
2025-07-03 23:10:22,274 DEBUG queue_event FileCreatedEvent(src_path='/Users/talvin/Documents/GitHub/MaxFoshIdeaGeneratorLocal/maxfosh_summaries/0048.json', dest_path='', event_type='created', is_directory=False, is_synthetic=True)
2025-07-03 23:10:22,274 DEBUG queue_event FileCreatedEvent(src_path='/Users/talvin/Documents/GitHub/MaxFoshIdeaGeneratorLocal/maxfosh_summaries/0025.json', dest_path='', event_type='created', is_directory=False, is_synthetic=True)
2025-07-03 23:10:22,274 DEBUG queue_event FileCreatedEvent(src_path='/Users/talvin/Documents/GitHub/MaxFoshIdeaGeneratorLocal/maxfosh_summaries/0137.json', dest_path='', event_type='created', is_directory=False, is_synthetic=True)
2025-07-03 23:10:22,274 DEBUG queue_event FileCreatedEvent(src_path='/Users/talvin/Documents/GitHub/MaxFoshIdeaGeneratorLocal/maxfosh_summaries/0064.json', dest_path='', event_type='created', is_directory=False, is_synthetic=True)
2025-07-03 23:10:22,274 DEBUG queue_event FileCreatedEvent(src_path='/Users/talvin/Documents/GitHub/MaxFoshIdeaGeneratorLocal/maxfosh_summaries/0121.json', dest_path='', event_type='created', is_directory=False, is_synthetic=True)
2025-07-03 23:10:22,274 DEBUG queue_event FileCreatedEvent(src_path='/Users/talvin/Documents/GitHub/MaxFoshIdeaGeneratorLocal/maxfosh_summaries/0033.json', dest_path='', event_type='created', is_directory=False, is_synthetic=True)
2025-07-03 23:10:22,274 DEBUG queue_event FileCreatedEvent(src_path='/Users/talvin/Documents/GitHub/MaxFoshIdeaGeneratorLocal/maxfosh_summaries/0140.json', dest_path='', event_type='created', is_directory=False, is_synthetic=True)
2025-07-03 23:10:22,274 DEBUG queue_event FileCreatedEvent(src_path='/Users/talvin/Documents/GitHub/MaxFoshIdeaGeneratorLocal/maxfosh_summaries/0091.json', dest_path='', event_type='created', is_directory=False, is_synthetic=True)
2025-07-03 23:10:22,274 DEBUG queue_event FileCreatedEvent(src_path='/Users/talvin/Documents/GitHub/MaxFoshIdeaGeneratorLocal/maxfosh_summaries/0068.json', dest_path='', event_type='created', is_directory=False, is_synthetic=True)
2025-07-03 23:10:22,275 DEBUG queue_event FileCreatedEvent(src_path='/Users/talvin/Documents/GitHub/MaxFoshIdeaGeneratorLocal/maxfosh_summaries/0087.json', dest_path='', event_type='created', is_directory=False, is_synthetic=True)
2025-07-03 23:10:22,275 DEBUG queue_event FileCreatedEvent(src_path='/Users/talvin/Documents/GitHub/MaxFoshIdeaGeneratorLocal/maxfosh_summaries/0069.json', dest_path='', event_type='created', is_directory=False, is_synthetic=True)
2025-07-03 23:10:22,275 DEBUG queue_event FileCreatedEvent(src_path='/Users/talvin/Documents/GitHub/MaxFoshIdeaGeneratorLocal/maxfosh_summaries/0090.json', dest_path='', event_type='created', is_directory=False, is_synthetic=True)
2025-07-03 23:10:22,275 DEBUG queue_event FileCreatedEvent(src_path='/Users/talvin/Documents/GitHub/MaxFoshIdeaGeneratorLocal/maxfosh_summaries/0028.json', dest_path='', event_type='created', is_directory=False, is_synthetic=True)
2025-07-03 23:10:22,275 DEBUG queue_event FileCreatedEvent(src_path='/Users/talvin/Documents/GitHub/MaxFoshIdeaGeneratorLocal/maxfosh_summaries/0116.json', dest_path='', event_type='created', is_directory=False, is_synthetic=True)
2025-07-03 23:10:22,275 DEBUG queue_event FileCreatedEvent(src_path='/Users/talvin/Documents/GitHub/MaxFoshIdeaGeneratorLocal/maxfosh_summaries/0141.json', dest_path='', event_type='created', is_directory=False, is_synthetic=True)
2025-07-03 23:10:22,275 DEBUG queue_event FileCreatedEvent(src_path='/Users/talvin/Documents/GitHub/MaxFoshIdeaGeneratorLocal/maxfosh_summaries/0004.json', dest_path='', event_type='created', is_directory=False, is_synthetic=True)
2025-07-03 23:10:22,275 DEBUG queue_event FileCreatedEvent(src_path='/Users/talvin/Documents/GitHub/MaxFoshIdeaGeneratorLocal/maxfosh_summaries/0012.json', dest_path='', event_type='created', is_directory=False, is_synthetic=True)
2025-07-03 23:10:22,275 DEBUG queue_event FileCreatedEvent(src_path='/Users/talvin/Documents/GitHub/MaxFoshIdeaGeneratorLocal/maxfosh_summaries/0100.json', dest_path='', event_type='created', is_directory=False, is_synthetic=True)
2025-07-03 23:10:22,275 DEBUG queue_event FileCreatedEvent(src_path='/Users/talvin/Documents/GitHub/MaxFoshIdeaGeneratorLocal/maxfosh_summaries/0032.json', dest_path='', event_type='created', is_directory=False, is_synthetic=True)
2025-07-03 23:10:22,275 DEBUG queue_event FileCreatedEvent(src_path='/Users/talvin/Documents/GitHub/MaxFoshIdeaGeneratorLocal/maxfosh_summaries/0073.json', dest_path='', event_type='created', is_directory=False, is_synthetic=True)
2025-07-03 23:10:22,275 DEBUG queue_event FileCreatedEvent(src_path='/Users/talvin/Documents/GitHub/MaxFoshIdeaGeneratorLocal/maxfosh_summaries/0024.json', dest_path='', event_type='created', is_directory=False, is_synthetic=True)
2025-07-03 23:10:22,275 DEBUG queue_event FileCreatedEvent(src_path='/Users/talvin/Documents/GitHub/MaxFoshIdeaGeneratorLocal/maxfosh_summaries/0008.json', dest_path='', event_type='created', is_directory=False, is_synthetic=True)
2025-07-03 23:10:22,275 DEBUG queue_event FileCreatedEvent(src_path='/Users/talvin/Documents/GitHub/MaxFoshIdeaGeneratorLocal/maxfosh_summaries/0049.json', dest_path='', event_type='created', is_directory=False, is_synthetic=True)
2025-07-03 23:10:22,275 DEBUG queue_event FileCreatedEvent(src_path='/Users/talvin/Documents/GitHub/MaxFoshIdeaGeneratorLocal/maxfosh_summaries/0107.json', dest_path='', event_type='created', is_directory=False, is_synthetic=True)
2025-07-03 23:10:22,275 DEBUG queue_event FileCreatedEvent(src_path='/Users/talvin/Documents/GitHub/MaxFoshIdeaGeneratorLocal/maxfosh_summaries/0042.json', dest_path='', event_type='created', is_directory=False, is_synthetic=True)
2025-07-03 23:10:22,275 DEBUG queue_event FileCreatedEvent(src_path='/Users/talvin/Documents/GitHub/MaxFoshIdeaGeneratorLocal/maxfosh_summaries/0150.json', dest_path='', event_type='created', is_directory=False, is_synthetic=True)
2025-07-03 23:10:22,275 DEBUG queue_event FileCreatedEvent(src_path='/Users/talvin/Documents/GitHub/MaxFoshIdeaGeneratorLocal/maxfosh_summaries/0015.json', dest_path='', event_type='created', is_directory=False, is_synthetic=True)
2025-07-03 23:10:22,275 DEBUG queue_event FileCreatedEvent(src_path='/Users/talvin/Documents/GitHub/MaxFoshIdeaGeneratorLocal/maxfosh_summaries/0146.json', dest_path='', event_type='created', is_directory=False, is_synthetic=True)
2025-07-03 23:10:22,275 DEBUG queue_event FileCreatedEvent(src_path='/Users/talvin/Documents/GitHub/MaxFoshIdeaGeneratorLocal/maxfosh_summaries/0003.json', dest_path='', event_type='created', is_directory=False, is_synthetic=True)
2025-07-03 23:10:22,275 DEBUG queue_event FileCreatedEvent(src_path='/Users/talvin/Documents/GitHub/MaxFoshIdeaGeneratorLocal/maxfosh_summaries/0054.json', dest_path='', event_type='created', is_directory=False, is_synthetic=True)
2025-07-03 23:10:22,275 DEBUG queue_event FileCreatedEvent(src_path='/Users/talvin/Documents/GitHub/MaxFoshIdeaGeneratorLocal/maxfosh_summaries/0081.json', dest_path='', event_type='created', is_directory=False, is_synthetic=True)
2025-07-03 23:10:22,275 DEBUG queue_event FileCreatedEvent(src_path='/Users/talvin/Documents/GitHub/MaxFoshIdeaGeneratorLocal/maxfosh_summaries/0039.json', dest_path='', event_type='created', is_directory=False, is_synthetic=True)
2025-07-03 23:10:22,275 DEBUG queue_event FileCreatedEvent(src_path='/Users/talvin/Documents/GitHub/MaxFoshIdeaGeneratorLocal/maxfosh_summaries/0019.json', dest_path='', event_type='created', is_directory=False, is_synthetic=True)
2025-07-03 23:10:22,275 DEBUG queue_event FileCreatedEvent(src_path='/Users/talvin/Documents/GitHub/MaxFoshIdeaGeneratorLocal/maxfosh_summaries/0058.json', dest_path='', event_type='created', is_directory=False, is_synthetic=True)
2025-07-03 23:10:22,275 DEBUG queue_event FileCreatedEvent(src_path='/Users/talvin/Documents/GitHub/MaxFoshIdeaGeneratorLocal/maxfosh_summaries/0023.json', dest_path='', event_type='created', is_directory=False, is_synthetic=True)
2025-07-03 23:10:22,275 DEBUG queue_event FileCreatedEvent(src_path='/Users/talvin/Documents/GitHub/MaxFoshIdeaGeneratorLocal/maxfosh_summaries/0131.json', dest_path='', event_type='created', is_directory=False, is_synthetic=True)
2025-07-03 23:10:22,275 DEBUG queue_event FileCreatedEvent(src_path='/Users/talvin/Documents/GitHub/MaxFoshIdeaGeneratorLocal/maxfosh_summaries/0062.json', dest_path='', event_type='created', is_directory=False, is_synthetic=True)
2025-07-03 23:10:22,275 DEBUG queue_event FileCreatedEvent(src_path='/Users/talvin/Documents/GitHub/MaxFoshIdeaGeneratorLocal/maxfosh_summaries/0034.json', dest_path='', event_type='created', is_directory=False, is_synthetic=True)
2025-07-03 23:10:22,275 DEBUG queue_event FileCreatedEvent(src_path='/Users/talvin/Documents/GitHub/MaxFoshIdeaGeneratorLocal/maxfosh_summaries/0126.json', dest_path='', event_type='created', is_directory=False, is_synthetic=True)
2025-07-03 23:10:22,275 DEBUG queue_event FileCreatedEvent(src_path='/Users/talvin/Documents/GitHub/MaxFoshIdeaGeneratorLocal/maxfosh_summaries/0130.json', dest_path='', event_type='created', is_directory=False, is_synthetic=True)
2025-07-03 23:10:22,275 DEBUG queue_event FileCreatedEvent(src_path='/Users/talvin/Documents/GitHub/MaxFoshIdeaGeneratorLocal/maxfosh_summaries/0022.json', dest_path='', event_type='created', is_directory=False, is_synthetic=True)
2025-07-03 23:10:22,275 DEBUG queue_event FileCreatedEvent(src_path='/Users/talvin/Documents/GitHub/MaxFoshIdeaGeneratorLocal/maxfosh_summaries/0059.json', dest_path='', event_type='created', is_directory=False, is_synthetic=True)
2025-07-03 23:10:22,275 DEBUG queue_event FileCreatedEvent(src_path='/Users/talvin/Documents/GitHub/MaxFoshIdeaGeneratorLocal/maxfosh_summaries/0018.json', dest_path='', event_type='created', is_directory=False, is_synthetic=True)
2025-07-03 23:10:22,275 DEBUG queue_event FileCreatedEvent(src_path='/Users/talvin/Documents/GitHub/MaxFoshIdeaGeneratorLocal/maxfosh_summaries/0038.json', dest_path='', event_type='created', is_directory=False, is_synthetic=True)
2025-07-03 23:10:22,275 DEBUG queue_event FileCreatedEvent(src_path='/Users/talvin/Documents/GitHub/MaxFoshIdeaGeneratorLocal/maxfosh_summaries/0079.json', dest_path='', event_type='created', is_directory=False, is_synthetic=True)
2025-07-03 23:10:22,275 DEBUG queue_event FileCreatedEvent(src_path='/Users/talvin/Documents/GitHub/MaxFoshIdeaGeneratorLocal/maxfosh_summaries/0110.json', dest_path='', event_type='created', is_directory=False, is_synthetic=True)
2025-07-03 23:10:22,275 DEBUG queue_event FileCreatedEvent(src_path='/Users/talvin/Documents/GitHub/MaxFoshIdeaGeneratorLocal/maxfosh_summaries/0002.json', dest_path='', event_type='created', is_directory=False, is_synthetic=True)
2025-07-03 23:10:22,276 DEBUG queue_event FileCreatedEvent(src_path='/Users/talvin/Documents/GitHub/MaxFoshIdeaGeneratorLocal/maxfosh_summaries/0014.json', dest_path='', event_type='created', is_directory=False, is_synthetic=True)
2025-07-03 23:10:22,276 DEBUG queue_event FileCreatedEvent(src_path='/Users/talvin/Documents/GitHub/MaxFoshIdeaGeneratorLocal/maxfosh_summaries/0043.json', dest_path='', event_type='created', is_directory=False, is_synthetic=True)
2025-07-03 23:10:22,276 DEBUG queue_event FileCreatedEvent(src_path='/Users/talvin/Documents/GitHub/MaxFoshIdeaGeneratorLocal/maxfosh_summaries/0129.json', dest_path='', event_type='created', is_directory=False, is_synthetic=True)
2025-07-03 23:10:22,276 DEBUG queue_event FileCreatedEvent(src_path='/Users/talvin/Documents/GitHub/MaxFoshIdeaGeneratorLocal/maxfosh_summaries/0083.json', dest_path='', event_type='created', is_directory=False, is_synthetic=True)
2025-07-03 23:10:22,276 DEBUG queue_event FileCreatedEvent(src_path='/Users/talvin/Documents/GitHub/MaxFoshIdeaGeneratorLocal/maxfosh_summaries/0095.json', dest_path='', event_type='created', is_directory=False, is_synthetic=True)
2025-07-03 23:10:22,276 DEBUG queue_event FileCreatedEvent(src_path='/Users/talvin/Documents/GitHub/MaxFoshIdeaGeneratorLocal/maxfosh_summaries/0001.json', dest_path='', event_type='created', is_directory=False, is_synthetic=True)
2025-07-03 23:10:22,276 DEBUG queue_event FileCreatedEvent(src_path='/Users/talvin/Documents/GitHub/MaxFoshIdeaGeneratorLocal/maxfosh_summaries/0017.json', dest_path='', event_type='created', is_directory=False, is_synthetic=True)
2025-07-03 23:10:22,276 DEBUG queue_event FileCreatedEvent(src_path='/Users/talvin/Documents/GitHub/MaxFoshIdeaGeneratorLocal/maxfosh_summaries/0125.json', dest_path='', event_type='created', is_directory=False, is_synthetic=True)
2025-07-03 23:10:22,276 DEBUG queue_event FileCreatedEvent(src_path='/Users/talvin/Documents/GitHub/MaxFoshIdeaGeneratorLocal/maxfosh_summaries/0021.json', dest_path='', event_type='created', is_directory=False, is_synthetic=True)
2025-07-03 23:10:22,276 DEBUG queue_event FileCreatedEvent(src_path='/Users/talvin/Documents/GitHub/MaxFoshIdeaGeneratorLocal/maxfosh_summaries/0109.json', dest_path='', event_type='created', is_directory=False, is_synthetic=True)
2025-07-03 23:10:22,276 DEBUG queue_event FileCreatedEvent(src_path='/Users/talvin/Documents/GitHub/MaxFoshIdeaGeneratorLocal/maxfosh_summaries/0149.json', dest_path='', event_type='created', is_directory=False, is_synthetic=True)
2025-07-03 23:10:22,276 DEBUG queue_event FileCreatedEvent(src_path='/Users/talvin/Documents/GitHub/MaxFoshIdeaGeneratorLocal/maxfosh_summaries/0020.json', dest_path='', event_type='created', is_directory=False, is_synthetic=True)
2025-07-03 23:10:22,276 DEBUG queue_event FileCreatedEvent(src_path='/Users/talvin/Documents/GitHub/MaxFoshIdeaGeneratorLocal/maxfosh_summaries/0132.json', dest_path='', event_type='created', is_directory=False, is_synthetic=True)
2025-07-03 23:10:22,276 DEBUG queue_event FileCreatedEvent(src_path='/Users/talvin/Documents/GitHub/MaxFoshIdeaGeneratorLocal/maxfosh_summaries/0077.json', dest_path='', event_type='created', is_directory=False, is_synthetic=True)
2025-07-03 23:10:22,276 DEBUG queue_event FileCreatedEvent(src_path='/Users/talvin/Documents/GitHub/MaxFoshIdeaGeneratorLocal/maxfosh_summaries/0041.json', dest_path='', event_type='created', is_directory=False, is_synthetic=True)
2025-07-03 23:10:22,276 DEBUG queue_event FileCreatedEvent(src_path='/Users/talvin/Documents/GitHub/MaxFoshIdeaGeneratorLocal/maxfosh_summaries/0104.json', dest_path='', event_type='created', is_directory=False, is_synthetic=True)
2025-07-03 23:10:22,276 DEBUG queue_event FileCreatedEvent(src_path='/Users/talvin/Documents/GitHub/MaxFoshIdeaGeneratorLocal/maxfosh_summaries/0016.json', dest_path='', event_type='created', is_directory=False, is_synthetic=True)
2025-07-03 23:10:22,276 DEBUG queue_event FileCreatedEvent(src_path='/Users/talvin/Documents/GitHub/MaxFoshIdeaGeneratorLocal/maxfosh_summaries/0145.json', dest_path='', event_type='created', is_directory=False, is_synthetic=True)
2025-07-03 23:10:22,276 DEBUG queue_event FileCreatedEvent(src_path='/Users/talvin/Documents/GitHub/MaxFoshIdeaGeneratorLocal/maxfosh_summaries/0057.json', dest_path='', event_type='created', is_directory=False, is_synthetic=True)
2025-07-03 23:10:22,276 DEBUG queue_event FileCreatedEvent(src_path='/Users/talvin/Documents/GitHub/MaxFoshIdeaGeneratorLocal/maxfosh_summaries/0128.json', dest_path='', event_type='created', is_directory=False, is_synthetic=True)
2025-07-03 23:10:22,276 DEBUG queue_event FileCreatedEvent(src_path='/Users/talvin/Documents/GitHub/MaxFoshIdeaGeneratorLocal/maxfosh_summaries/0082.json', dest_path='', event_type='created', is_directory=False, is_synthetic=True)
2025-07-03 23:10:22,276 DEBUG queue_event FileCreatedEvent(src_path='/Users/talvin/Documents/GitHub/MaxFoshIdeaGeneratorLocal/maxfosh_summaries/0031.json', dest_path='', event_type='created', is_directory=False, is_synthetic=True)
2025-07-03 23:10:22,276 DEBUG queue_event FileCreatedEvent(src_path='/Users/talvin/Documents/GitHub/MaxFoshIdeaGeneratorLocal/maxfosh_summaries/0123.json', dest_path='', event_type='created', is_directory=False, is_synthetic=True)
2025-07-03 23:10:22,276 DEBUG queue_event FileCreatedEvent(src_path='/Users/talvin/Documents/GitHub/MaxFoshIdeaGeneratorLocal/maxfosh_summaries/0070.json', dest_path='', event_type='created', is_directory=False, is_synthetic=True)
2025-07-03 23:10:22,276 DEBUG queue_event FileCreatedEvent(src_path='/Users/talvin/Documents/GitHub/MaxFoshIdeaGeneratorLocal/maxfosh_summaries/0085.json', dest_path='', event_type='created', is_directory=False, is_synthetic=True)
2025-07-03 23:10:22,276 DEBUG queue_event FileCreatedEvent(src_path='/Users/talvin/Documents/GitHub/MaxFoshIdeaGeneratorLocal/maxfosh_summaries/0093.json', dest_path='', event_type='created', is_directory=False, is_synthetic=True)
2025-07-03 23:10:22,276 DEBUG queue_event FileCreatedEvent(src_path='/Users/talvin/Documents/GitHub/MaxFoshIdeaGeneratorLocal/maxfosh_summaries/0050.json', dest_path='', event_type='created', is_directory=False, is_synthetic=True)
2025-07-03 23:10:22,276 DEBUG queue_event FileCreatedEvent(src_path='/Users/talvin/Documents/GitHub/MaxFoshIdeaGeneratorLocal/maxfosh_summaries/0115.json', dest_path='', event_type='created', is_directory=False, is_synthetic=True)
2025-07-03 23:10:22,276 DEBUG queue_event FileCreatedEvent(src_path='/Users/talvin/Documents/GitHub/MaxFoshIdeaGeneratorLocal/maxfosh_summaries/0007.json', dest_path='', event_type='created', is_directory=False, is_synthetic=True)
2025-07-03 23:10:22,276 DEBUG queue_event FileCreatedEvent(src_path='/Users/talvin/Documents/GitHub/MaxFoshIdeaGeneratorLocal/maxfosh_summaries/0142.json', dest_path='', event_type='created', is_directory=False, is_synthetic=True)
2025-07-03 23:10:22,276 DEBUG queue_event FileCreatedEvent(src_path='/Users/talvin/Documents/GitHub/MaxFoshIdeaGeneratorLocal/maxfosh_summaries/0011.json', dest_path='', event_type='created', is_directory=False, is_synthetic=True)
2025-07-03 23:10:22,276 DEBUG queue_event FileCreatedEvent(src_path='/Users/talvin/Documents/GitHub/MaxFoshIdeaGeneratorLocal/maxfosh_summaries/0046.json', dest_path='', event_type='created', is_directory=False, is_synthetic=True)
2025-07-03 23:10:22,276 DEBUG queue_event FileCreatedEvent(src_path='/Users/talvin/Documents/GitHub/MaxFoshIdeaGeneratorLocal/maxfosh_summaries/0103.json', dest_path='', event_type='created', is_directory=False, is_synthetic=True)
2025-07-03 23:10:22,276 DEBUG queue_event FileCreatedEvent(src_path='/Users/talvin/Documents/GitHub/MaxFoshIdeaGeneratorLocal/maxfosh_summaries/0102.json', dest_path='', event_type='created', is_directory=False, is_synthetic=True)
2025-07-03 23:10:22,276 DEBUG queue_event FileCreatedEvent(src_path='/Users/talvin/Documents/GitHub/MaxFoshIdeaGeneratorLocal/maxfosh_summaries/0010.json', dest_path='', event_type='created', is_directory=False, is_synthetic=True)
2025-07-03 23:10:22,276 DEBUG queue_event FileCreatedEvent(src_path='/Users/talvin/Documents/GitHub/MaxFoshIdeaGeneratorLocal/maxfosh_summaries/0006.json', dest_path='', event_type='created', is_directory=False, is_synthetic=True)
2025-07-03 23:10:22,276 DEBUG queue_event FileCreatedEvent(src_path='/Users/talvin/Documents/GitHub/MaxFoshIdeaGeneratorLocal/maxfosh_summaries/0143.json', dest_path='', event_type='created', is_directory=False, is_synthetic=True)
2025-07-03 23:10:22,276 DEBUG queue_event FileCreatedEvent(src_path='/Users/talvin/Documents/GitHub/MaxFoshIdeaGeneratorLocal/maxfosh_summaries/0092.json', dest_path='', event_type='created', is_directory=False, is_synthetic=True)
2025-07-03 23:10:22,276 DEBUG queue_event FileCreatedEvent(src_path='/Users/talvin/Documents/GitHub/MaxFoshIdeaGeneratorLocal/maxfosh_summaries/0138.json', dest_path='', event_type='created', is_directory=False, is_synthetic=True)
2025-07-03 23:10:22,276 DEBUG queue_event FileCreatedEvent(src_path='/Users/talvin/Documents/GitHub/MaxFoshIdeaGeneratorLocal/maxfosh_summaries/0026.json', dest_path='', event_type='created', is_directory=False, is_synthetic=True)
2025-07-03 23:10:22,276 DEBUG queue_event FileCreatedEvent(src_path='/Users/talvin/Documents/GitHub/MaxFoshIdeaGeneratorLocal/maxfosh_summaries/0134.json', dest_path='', event_type='created', is_directory=False, is_synthetic=True)
2025-07-03 23:10:22,276 DEBUG queue_event FileCreatedEvent(src_path='/Users/talvin/Documents/GitHub/MaxFoshIdeaGeneratorLocal/maxfosh_summaries/0071.json', dest_path='', event_type='created', is_directory=False, is_synthetic=True)
2025-07-03 23:10:22,276 DEBUG queue_event FileCreatedEvent(src_path='/Users/talvin/Documents/GitHub/MaxFoshIdeaGeneratorLocal/maxfosh_summaries/0088.json', dest_path='', event_type='created', is_directory=False, is_synthetic=True)
2025-07-03 23:10:22,276 DEBUG queue_event FileCreatedEvent(src_path='/Users/talvin/Documents/GitHub/MaxFoshIdeaGeneratorLocal/maxfosh_summaries/0122.json', dest_path='', event_type='created', is_directory=False, is_synthetic=True)
2025-07-03 23:10:22,276 DEBUG queue_event FileCreatedEvent(src_path='/Users/talvin/Documents/GitHub/MaxFoshIdeaGeneratorLocal/maxfosh_summaries/0067.json', dest_path='', event_type='created', is_directory=False, is_synthetic=True)
2025-07-03 23:10:22,276 DEBUG queue_event FileCreatedEvent(src_path='/Users/talvin/Documents/GitHub/MaxFoshIdeaGeneratorLocal/maxfosh_summaries/0030.json', dest_path='', event_type='created', is_directory=False, is_synthetic=True)
2025-07-03 23:10:27,279 DEBUG NativeEvent(path="/Users/talvin/Documents/GitHub/MaxFoshIdeaGeneratorLocal/.DS_Store", inode=57543060, flags=1b500, id=887929832): is_created, is_file, is_inode_meta_mod, is_item_finder_info_modified, is_modified, is_xattr_mod
2025-07-03 23:10:27,280 DEBUG queue_event FileCreatedEvent(src_path='/Users/talvin/Documents/GitHub/MaxFoshIdeaGeneratorLocal/.DS_Store', dest_path='', event_type='created', is_directory=False, is_synthetic=False)
2025-07-03 23:10:27,280 DEBUG queue_event DirModifiedEvent(src_path='/Users/talvin/Documents/GitHub/MaxFoshIdeaGeneratorLocal', dest_path='', event_type='modified', is_directory=True, is_synthetic=False)
2025-07-03 23:10:27,280 DEBUG queue_event FileModifiedEvent(src_path='/Users/talvin/Documents/GitHub/MaxFoshIdeaGeneratorLocal/.DS_Store', dest_path='', event_type='modified', is_directory=False, is_synthetic=False)
